

times in msec
 clock   self+sourced   self:  sourced script
 clock   elapsed:              other lines

000.010  000.010: --- NVIM STARTING ---
000.126  000.115: event init
000.174  000.048: early init
000.198  000.025: locale set
000.227  000.029: init first window
000.371  000.144: inits 1
000.377  000.007: window checked
000.378  000.001: parsing arguments
000.653  000.023  000.023: require('vim.shared')
000.702  000.024  000.024: require('vim.inspect')
000.735  000.022  000.022: require('vim._options')
000.735  000.080  000.034: require('vim._editor')
000.736  000.130  000.027: require('vim._init_packages')
000.737  000.229: init lua interpreter
000.780  000.043: expanding arguments
000.791  000.011: inits 2
000.964  000.173: init highlight
000.965  000.001: waiting for UI
001.035  000.070: done waiting for UI
001.040  000.004: clear screen
001.063  000.004  000.004: require('vim.keymap')
001.519  000.283  000.283: require('vim.termcap')
001.576  000.041  000.041: require('vim.text')
001.595  000.554  000.227: require('vim._defaults')
001.596  000.002: init default mappings & autocommands
001.650  000.033  000.033: sourcing /usr/share/nvim/runtime/ftplugin.vim
001.689  000.017  000.017: sourcing /usr/share/nvim/runtime/indent.vim
001.791  000.044  000.044: require('globals')
002.261  000.469  000.469: require('options')
002.517  000.254  000.254: require('keymaps')
002.680  000.017  000.017: require('completions.debounce')
002.684  000.058  000.042: require('completions.buffer')
002.686  000.136  000.077: require('completions.context')
002.687  000.169  000.033: require('completions')
002.717  000.983  000.048: sourcing /home/breno/.dotfiles/files/home/.config/nvim/sandbox/nvim/init.lua
002.723  000.094: sourcing vimrc file(s)
002.813  000.067  000.067: sourcing /usr/share/nvim/runtime/filetype.lua
002.927  000.055  000.055: sourcing /usr/share/nvim/runtime/syntax/synload.vim
003.012  000.174  000.119: sourcing /usr/share/nvim/runtime/syntax/syntax.vim
003.426  000.119  000.119: sourcing /usr/share/nvim/runtime/plugin/gzip.vim
003.448  000.007  000.007: sourcing /usr/share/nvim/runtime/plugin/matchit.vim
003.468  000.006  000.006: sourcing /usr/share/nvim/runtime/plugin/matchparen.vim
003.487  000.007  000.007: sourcing /usr/share/nvim/runtime/plugin/netrwPlugin.vim
003.595  000.097  000.097: sourcing /usr/share/nvim/runtime/plugin/rplugin.vim
003.650  000.041  000.041: sourcing /usr/share/nvim/runtime/plugin/shada.vim
003.675  000.006  000.006: sourcing /usr/share/nvim/runtime/plugin/spellfile.vim
003.743  000.054  000.054: sourcing /usr/share/nvim/runtime/plugin/tarPlugin.vim
003.767  000.006  000.006: sourcing /usr/share/nvim/runtime/plugin/tohtml.vim
003.785  000.004  000.004: sourcing /usr/share/nvim/runtime/plugin/tutor.vim
003.887  000.090  000.090: sourcing /usr/share/nvim/runtime/plugin/zipPlugin.vim
003.946  000.037  000.037: sourcing /usr/share/nvim/runtime/plugin/editorconfig.lua
003.994  000.032  000.032: sourcing /usr/share/nvim/runtime/plugin/man.lua
004.038  000.029  000.029: sourcing /usr/share/nvim/runtime/plugin/nvim.lua
004.300  000.223  000.223: require('vim.iter')
004.356  000.304  000.081: sourcing /usr/share/nvim/runtime/plugin/osc52.lua
004.367  000.564: loading rtp plugins
004.450  000.083: loading packages
004.451  000.001: loading after plugins
004.455  000.004: inits 3
005.697  001.242: reading ShaDa
005.743  000.047: opening buffers
005.744  000.001: BufEnter autocommands
005.745  000.001: editing files in windows
005.747  000.002: VimEnter autocommands
005.748  000.001: UIEnter autocommands
009.410  003.639  003.639: sourcing /usr/share/nvim/runtime/autoload/provider/clipboard.vim
009.422  000.035: before starting main loop
009.546  000.124: first screen update
009.547  000.001: --- NVIM STARTED ---
